Date: APR 24 2019  Time: 04:50:37  Axis 1  Serialno.: 1237684  First Mastering by EMT  (FirstEncoderValue: 63.562027)
Date: APR 24 2019  Time: 04:52:00  Axis 2  Serialno.: 1237684  First Mastering by EMT  (FirstEncoderValue: 36.418067)
Date: APR 24 2019  Time: 04:52:47  Axis 3  Serialno.: 1237684  First Mastering by EMT  (FirstEncoderValue: 63.767896)
Date: APR 24 2019  Time: 04:54:09  Axis 4  Serialno.: 1237684  First Mastering by EMT  (FirstEncoderValue: 8.168049)
Date: APR 24 2019  Time: 04:55:07  Axis 5  Serialno.: 1237684  First Mastering by EMT  (FirstEncoderValue: 15.826349)
Date: APR 24 2019  Time: 04:55:45  Axis 6  Serialno.: 1237684  First Mastering by EMT  (FirstEncoderValue: 66.726099)
Date: JUL 01 2019  Time: 09:42:41  Axis 7  Serialno.: 1237684  First Mastering by EMT  (FirstEncoderValue: 51.490511)
Date: JUL 24 2019  Time: 09:44:56  Axis 1  Serialno.: 1237684  Tool Teaching for Tool No 1  (Encoder Difference: 1.174808)
Date: JUL 24 2019  Time: 09:47:03  Axis 2  Serialno.: 1237684  Tool Teaching for Tool No 1  (Encoder Difference: 1.482663)
Date: JUL 24 2019  Time: 09:49:47  Axis 3  Serialno.: 1237684  Tool Teaching for Tool No 1  (Encoder Difference: 8.579866)
Date: JUL 24 2019  Time: 09:52:12  Axis 4  Serialno.: 1237684  Tool Teaching for Tool No 1  (Encoder Difference: 0.159442)
Date: JUL 24 2019  Time: 09:54:02  Axis 5  Serialno.: 1237684  Tool Teaching for Tool No 1  (Encoder Difference: 11.258641)
Date: JUL 24 2019  Time: 09:57:52  Axis 6  Serialno.: 1237684  Tool Teaching for Tool No 1  (Encoder Difference: 0.010982)
Date: JUL 24 2019  Time: 10:07:56  Axis 7  Serialno.: 1237684  Tool Teaching for Tool No 1  (Encoder Difference: -0.294597)
Date: AUG 24 2019  Time: 09:18:55  Axis 1  Serialno.: 1237684  Tool Teaching for Tool No 2  (Encoder Difference: 0.806015)
Date: AUG 24 2019  Time: 09:19:44  Axis 2  Serialno.: 1237684  Tool Teaching for Tool No 2  (Encoder Difference: 2.639393)
Date: AUG 24 2019  Time: 09:21:05  Axis 3  Serialno.: 1237684  Tool Teaching for Tool No 2  (Encoder Difference: 8.873642)
Date: AUG 24 2019  Time: 09:23:27  Axis 4  Serialno.: 1237684  Tool Teaching for Tool No 2  (Encoder Difference: 1.042270)
Date: AUG 24 2019  Time: 09:24:46  Axis 5  Serialno.: 1237684  Tool Teaching for Tool No 2  (Encoder Difference: 7.275132)
Date: AUG 24 2019  Time: 09:26:28  Axis 6  Serialno.: 1237684  Tool Teaching for Tool No 2  (Encoder Difference: 0.397418)
Date: AUG 24 2019  Time: 09:28:03  Axis 7  Serialno.: 1237684  Tool Teaching for Tool No 2  (Encoder Difference: 0.032992)
Date: MAY 01 2020  Time: 08:18:51  Axis 7  Serialno.: 1237684  Tool Teaching for Tool No 2 removed
Date: MAY 01 2020  Time: 08:18:53  Axis 1  Serialno.: 1237684  Tool Teaching for Tool No 2 removed
Date: MAY 01 2020  Time: 08:18:54  Axis 2  Serialno.: 1237684  Tool Teaching for Tool No 2 removed
Date: MAY 01 2020  Time: 08:18:55  Axis 3  Serialno.: 1237684  Tool Teaching for Tool No 2 removed
Date: MAY 01 2020  Time: 08:18:57  Axis 4  Serialno.: 1237684  Tool Teaching for Tool No 2 removed
Date: MAY 01 2020  Time: 08:18:58  Axis 5  Serialno.: 1237684  Tool Teaching for Tool No 2 removed
Date: MAY 01 2020  Time: 08:18:59  Axis 6  Serialno.: 1237684  Tool Teaching for Tool No 2 removed
Date: MAY 01 2020  Time: 08:19:52  Axis 7  Serialno.: 1237684  Tool Teaching for Tool No 2  (Encoder Difference: -0.328403)
Date: MAY 01 2020  Time: 08:23:17  Axis 1  Serialno.: 1237684  Tool Teaching for Tool No 2  (Encoder Difference: 0.878318)
Date: MAY 01 2020  Time: 08:25:15  Axis 2  Serialno.: 1237684  Tool Teaching for Tool No 2  (Encoder Difference: 1.496197)
Date: MAY 01 2020  Time: 08:27:46  Axis 3  Serialno.: 1237684  Tool Teaching for Tool No 2  (Encoder Difference: 11.638365)
Date: MAY 01 2020  Time: 08:29:31  Axis 4  Serialno.: 1237684  Tool Teaching for Tool No 2  (Encoder Difference: 0.444402)
Date: MAY 01 2020  Time: 08:31:08  Axis 5  Serialno.: 1237684  Tool Teaching for Tool No 2  (Encoder Difference: 15.762393)
Date: MAY 01 2020  Time: 08:33:19  Axis 6  Serialno.: 1237684  Tool Teaching for Tool No 2  (Encoder Difference: 0.663658)
Date: MAY 01 2020  Time: 08:58:42  Axis 7  Serialno.: 1237684  Tool Teaching for Tool No 32  (Encoder Difference: -0.067738)
Date: MAY 01 2020  Time: 09:00:42  Axis 1  Serialno.: 1237684  Tool Teaching for Tool No 32  (Encoder Difference: 0.582751)
Date: MAY 01 2020  Time: 09:02:35  Axis 2  Serialno.: 1237684  Tool Teaching for Tool No 32  (Encoder Difference: 0.125096)
Date: MAY 01 2020  Time: 09:04:05  Axis 3  Serialno.: 1237684  Tool Teaching for Tool No 32  (Encoder Difference: 4.959421)
Date: MAY 01 2020  Time: 09:06:03  Axis 4  Serialno.: 1237684  Tool Teaching for Tool No 32  (Encoder Difference: 0.545805)
Date: MAY 01 2020  Time: 09:07:53  Axis 5  Serialno.: 1237684  Tool Teaching for Tool No 32  (Encoder Difference: 5.340154)
Date: MAY 01 2020  Time: 09:09:10  Axis 6  Serialno.: 1237684  Tool Teaching for Tool No 32  (Encoder Difference: 0.861172)
Date: FEB 14 2021  Time: 23:34:10  Axis 7  Serialno.: 1237684  Tool Teaching for Tool No 3  (Encoder Difference: 0.176191)
Date: FEB 14 2021  Time: 23:40:03  Axis 1  Serialno.: 1237684  Tool Teaching for Tool No 3  (Encoder Difference: 0.730611)
Date: FEB 14 2021  Time: 23:41:48  Axis 2  Serialno.: 1237684  Tool Teaching for Tool No 3  (Encoder Difference: 2.532779)
Date: FEB 14 2021  Time: 23:44:26  Axis 3  Serialno.: 1237684  Tool Teaching for Tool No 3  (Encoder Difference: 10.925399)
Date: FEB 14 2021  Time: 23:45:38  Axis 4  Serialno.: 1237684  Tool Teaching for Tool No 3  (Encoder Difference: 0.307164)
Date: FEB 14 2021  Time: 23:47:04  Axis 5  Serialno.: 1237684  Tool Teaching for Tool No 3  (Encoder Difference: 12.679973)
Date: FEB 14 2021  Time: 23:49:11  Axis 6  Serialno.: 1237684  Tool Teaching for Tool No 3  (Encoder Difference: 0.168251)
